{
  "contracts/core/ContestBracketRegistry.sol": {
    "l": {
      "40": 47,
      "41": 43,
      "45": 41,
      "46": 37,
      "50": 23,
      "51": 21,
      "55": 9,
      "56": 7,
      "77": 27,
      "78": 25,
      "82": 23,
      "83": 21,
      "84": 21,
      "85": 19,
      "86": 57,
      "87": 57,
      "92": 57,
      "93": 55,
      "94": 53,
      "96": 51,
      "97": 51,
      "101": 13,
      "102": 13,
      "117": 7,
      "118": 5,
      "119": 5,
      "120": 5,
      "121": 5,
      "123": 5,
      "124": 22,
      "125": 22,
      "127": 6,
      "132": 16,
      "133": 6,
      "134": 6,
      "135": 6,
      "137": 6,
      "138": 6,
      "140": 4,
      "144": 5,
      "145": 5,
      "146": 5,
      "147": 5,
      "148": 5,
      "149": 5,
      "150": 5,
      "160": 4,
      "168": 7,
      "176": 18,
      "184": 1,
      "192": 2,
      "200": 10,
      "208": 24,
      "216": 3,
      "221": 10,
      "222": 10,
      "227": 24,
      "228": 24,
      "235": 23,
      "236": 23,
      "237": 23,
      "238": 23,
      "239": 23,
      "245": 0,
      "246": 0,
      "247": 0,
      "257": 53
    },
    "path": "/home/odisi/dev/projects/hackapay/contracts/core/ContestBracketRegistry.sol",
    "s": {
      "1": 47,
      "2": 41,
      "3": 23,
      "4": 9,
      "5": 27,
      "6": 25,
      "7": 23,
      "8": 21,
      "9": 21,
      "10": 19,
      "11": 57,
      "12": 57,
      "13": 57,
      "14": 55,
      "15": 53,
      "16": 51,
      "17": 51,
      "18": 13,
      "19": 13,
      "20": 7,
      "21": 5,
      "22": 5,
      "23": 5,
      "24": 5,
      "25": 5,
      "26": 22,
      "27": 22,
      "28": 16,
      "29": 6,
      "30": 6,
      "31": 6,
      "32": 10,
      "33": 6,
      "34": 6,
      "35": 4,
      "36": 4,
      "37": 5,
      "38": 5,
      "39": 5,
      "40": 5,
      "41": 5,
      "42": 5,
      "43": 5,
      "44": 4,
      "45": 7,
      "46": 18,
      "47": 1,
      "48": 2,
      "49": 10,
      "50": 24,
      "51": 3,
      "52": 10,
      "53": 10,
      "54": 24,
      "55": 24,
      "56": 23,
      "57": 23,
      "58": 23,
      "59": 23,
      "60": 23,
      "61": 0,
      "62": 0,
      "63": 0,
      "64": 53
    },
    "b": {
      "1": [43, 4],
      "2": [37, 4],
      "3": [21, 2],
      "4": [7, 2],
      "5": [25, 2],
      "6": [23, 2],
      "7": [21, 2],
      "8": [19, 2],
      "9": [55, 2],
      "10": [53, 2],
      "11": [51, 2],
      "12": [5, 2],
      "13": [6, 16],
      "14": [6, 10],
      "15": [6, 4],
      "16": [4, 0]
    },
    "f": {
      "1": 47,
      "2": 41,
      "3": 23,
      "4": 9,
      "5": 41,
      "6": 27,
      "7": 7,
      "8": 4,
      "9": 7,
      "10": 18,
      "11": 1,
      "12": 2,
      "13": 10,
      "14": 24,
      "15": 3,
      "16": 10,
      "17": 24,
      "18": 23,
      "19": 0,
      "20": 53
    },
    "fnMap": {
      "1": {
        "name": "evaluationIsOpen",
        "line": 39,
        "loc": {"start": {"line": 39, "column": 4}, "end": {"line": 39, "column": 29}}
      },
      "2": {
        "name": "evaluationIsClosed",
        "line": 44,
        "loc": {"start": {"line": 44, "column": 4}, "end": {"line": 44, "column": 31}}
      },
      "3": {
        "name": "whenRankPublished",
        "line": 49,
        "loc": {"start": {"line": 49, "column": 4}, "end": {"line": 49, "column": 28}}
      },
      "4": {
        "name": "whenRankNotPublished",
        "line": 54,
        "loc": {"start": {"line": 54, "column": 4}, "end": {"line": 54, "column": 31}}
      },
      "5": {
        "name": "constructor",
        "line": 61,
        "loc": {"start": {"line": 61, "column": 4}, "end": {"line": 61, "column": 107}}
      },
      "6": {
        "name": "submitEvaluation",
        "line": 72,
        "loc": {"start": {"line": 72, "column": 4}, "end": {"line": 76, "column": 5}}
      },
      "7": {
        "name": "publishRank",
        "line": 109,
        "loc": {"start": {"line": 109, "column": 4}, "end": {"line": 116, "column": 5}}
      },
      "8": {
        "name": "getWinnersIds",
        "line": 159,
        "loc": {"start": {"line": 159, "column": 4}, "end": {"line": 159, "column": 76}}
      },
      "9": {
        "name": "closeRegistration",
        "line": 167,
        "loc": {"start": {"line": 167, "column": 4}, "end": {"line": 167, "column": 72}}
      },
      "10": {
        "name": "openRegistration",
        "line": 175,
        "loc": {"start": {"line": 175, "column": 4}, "end": {"line": 175, "column": 73}}
      },
      "11": {
        "name": "closeSubmission",
        "line": 183,
        "loc": {"start": {"line": 183, "column": 4}, "end": {"line": 183, "column": 68}}
      },
      "12": {
        "name": "openSubmission",
        "line": 191,
        "loc": {"start": {"line": 191, "column": 4}, "end": {"line": 191, "column": 69}}
      },
      "13": {
        "name": "closeEvaluation",
        "line": 199,
        "loc": {"start": {"line": 199, "column": 4}, "end": {"line": 199, "column": 68}}
      },
      "14": {
        "name": "openEvaluation",
        "line": 207,
        "loc": {"start": {"line": 207, "column": 4}, "end": {"line": 207, "column": 69}}
      },
      "15": {
        "name": "getEvaluationStatus",
        "line": 215,
        "loc": {"start": {"line": 215, "column": 4}, "end": {"line": 215, "column": 61}}
      },
      "16": {
        "name": "_closeEvaluation",
        "line": 220,
        "loc": {"start": {"line": 220, "column": 4}, "end": {"line": 220, "column": 38}}
      },
      "17": {
        "name": "_openEvaluation",
        "line": 226,
        "loc": {"start": {"line": 226, "column": 4}, "end": {"line": 226, "column": 37}}
      },
      "18": {
        "name": "_addJudge",
        "line": 232,
        "loc": {"start": {"line": 232, "column": 4}, "end": {"line": 232, "column": 46}}
      },
      "19": {
        "name": "_removeJudge",
        "line": 244,
        "loc": {"start": {"line": 244, "column": 4}, "end": {"line": 244, "column": 49}}
      },
      "20": {
        "name": "isValidGrade",
        "line": 256,
        "loc": {"start": {"line": 256, "column": 4}, "end": {"line": 256, "column": 65}}
      }
    },
    "statementMap": {
      "1": {"start": {"line": 40, "column": 8}, "end": {"line": 40, "column": 57}},
      "2": {"start": {"line": 45, "column": 8}, "end": {"line": 45, "column": 56}},
      "3": {"start": {"line": 50, "column": 8}, "end": {"line": 50, "column": 55}},
      "4": {"start": {"line": 55, "column": 8}, "end": {"line": 55, "column": 56}},
      "5": {"start": {"line": 77, "column": 8}, "end": {"line": 77, "column": 106}},
      "6": {"start": {"line": 78, "column": 8}, "end": {"line": 78, "column": 2978}},
      "7": {"start": {"line": 82, "column": 8}, "end": {"line": 82, "column": 71}},
      "8": {"start": {"line": 83, "column": 8}, "end": {"line": 83, "column": 56}},
      "9": {"start": {"line": 84, "column": 8}, "end": {"line": 84, "column": 66}},
      "10": {"start": {"line": 85, "column": 8}, "end": {"line": 85, "column": 3335}},
      "11": {"start": {"line": 86, "column": 12}, "end": {"line": 86, "column": 39}},
      "12": {"start": {"line": 87, "column": 12}, "end": {"line": 87, "column": 39}},
      "13": {"start": {"line": 92, "column": 12}, "end": {"line": 92, "column": 60}},
      "14": {"start": {"line": 93, "column": 12}, "end": {"line": 93, "column": 66}},
      "15": {"start": {"line": 94, "column": 12}, "end": {"line": 94, "column": 56}},
      "16": {"start": {"line": 96, "column": 12}, "end": {"line": 96, "column": 45}},
      "17": {"start": {"line": 97, "column": 12}, "end": {"line": 97, "column": 45}},
      "18": {"start": {"line": 101, "column": 8}, "end": {"line": 101, "column": 25}},
      "19": {"start": {"line": 102, "column": 8}, "end": {"line": 102, "column": 53}},
      "20": {"start": {"line": 117, "column": 8}, "end": {"line": 117, "column": 61}},
      "21": {"start": {"line": 118, "column": 8}, "end": {"line": 118, "column": 27}},
      "22": {"start": {"line": 119, "column": 8}, "end": {"line": 119, "column": 28}},
      "23": {"start": {"line": 120, "column": 8}, "end": {"line": 120, "column": 29}},
      "24": {"start": {"line": 121, "column": 8}, "end": {"line": 121, "column": 28}},
      "25": {"start": {"line": 123, "column": 8}, "end": {"line": 123, "column": 4808}},
      "26": {"start": {"line": 124, "column": 12}, "end": {"line": 124, "column": 29}},
      "27": {"start": {"line": 125, "column": 12}, "end": {"line": 125, "column": 4901}},
      "28": {"start": {"line": 132, "column": 12}, "end": {"line": 132, "column": 5294}},
      "29": {"start": {"line": 133, "column": 16}, "end": {"line": 133, "column": 35}},
      "30": {"start": {"line": 134, "column": 16}, "end": {"line": 134, "column": 35}},
      "31": {"start": {"line": 135, "column": 16}, "end": {"line": 135, "column": 33}},
      "32": {"start": {"line": 136, "column": 19}, "end": {"line": 136, "column": 5463}},
      "33": {"start": {"line": 137, "column": 16}, "end": {"line": 137, "column": 35}},
      "34": {"start": {"line": 138, "column": 16}, "end": {"line": 138, "column": 34}},
      "35": {"start": {"line": 139, "column": 19}, "end": {"line": 139, "column": 5596}},
      "36": {"start": {"line": 140, "column": 16}, "end": {"line": 140, "column": 33}},
      "37": {"start": {"line": 144, "column": 8}, "end": {"line": 144, "column": 28}},
      "38": {"start": {"line": 145, "column": 8}, "end": {"line": 145, "column": 30}},
      "39": {"start": {"line": 146, "column": 8}, "end": {"line": 146, "column": 28}},
      "40": {"start": {"line": 147, "column": 8}, "end": {"line": 147, "column": 27}},
      "41": {"start": {"line": 148, "column": 8}, "end": {"line": 148, "column": 87}},
      "42": {"start": {"line": 149, "column": 8}, "end": {"line": 149, "column": 90}},
      "43": {"start": {"line": 150, "column": 8}, "end": {"line": 150, "column": 87}},
      "44": {"start": {"line": 160, "column": 8}, "end": {"line": 160, "column": 61}},
      "45": {"start": {"line": 168, "column": 8}, "end": {"line": 168, "column": 33}},
      "46": {"start": {"line": 176, "column": 8}, "end": {"line": 176, "column": 32}},
      "47": {"start": {"line": 184, "column": 8}, "end": {"line": 184, "column": 31}},
      "48": {"start": {"line": 192, "column": 8}, "end": {"line": 192, "column": 30}},
      "49": {"start": {"line": 200, "column": 8}, "end": {"line": 200, "column": 25}},
      "50": {"start": {"line": 208, "column": 8}, "end": {"line": 208, "column": 24}},
      "51": {"start": {"line": 216, "column": 8}, "end": {"line": 216, "column": 32}},
      "52": {"start": {"line": 221, "column": 8}, "end": {"line": 221, "column": 32}},
      "53": {"start": {"line": 222, "column": 8}, "end": {"line": 222, "column": 55}},
      "54": {"start": {"line": 227, "column": 8}, "end": {"line": 227, "column": 31}},
      "55": {"start": {"line": 228, "column": 8}, "end": {"line": 228, "column": 55}},
      "56": {"start": {"line": 235, "column": 8}, "end": {"line": 235, "column": 31}},
      "57": {"start": {"line": 236, "column": 8}, "end": {"line": 236, "column": 38}},
      "58": {"start": {"line": 237, "column": 8}, "end": {"line": 237, "column": 60}},
      "59": {"start": {"line": 238, "column": 8}, "end": {"line": 238, "column": 29}},
      "60": {"start": {"line": 239, "column": 8}, "end": {"line": 239, "column": 38}},
      "61": {"start": {"line": 245, "column": 8}, "end": {"line": 245, "column": 34}},
      "62": {"start": {"line": 246, "column": 8}, "end": {"line": 246, "column": 53}},
      "63": {"start": {"line": 247, "column": 8}, "end": {"line": 247, "column": 27}},
      "64": {"start": {"line": 257, "column": 8}, "end": {"line": 257, "column": 42}}
    },
    "branchMap": {
      "1": {
        "line": 40,
        "type": "if",
        "locations": [
          {"start": {"line": 40, "column": 8}, "end": {"line": 40, "column": 8}},
          {"start": {"line": 40, "column": 8}, "end": {"line": 40, "column": 8}}
        ]
      },
      "2": {
        "line": 45,
        "type": "if",
        "locations": [
          {"start": {"line": 45, "column": 8}, "end": {"line": 45, "column": 8}},
          {"start": {"line": 45, "column": 8}, "end": {"line": 45, "column": 8}}
        ]
      },
      "3": {
        "line": 50,
        "type": "if",
        "locations": [
          {"start": {"line": 50, "column": 8}, "end": {"line": 50, "column": 8}},
          {"start": {"line": 50, "column": 8}, "end": {"line": 50, "column": 8}}
        ]
      },
      "4": {
        "line": 55,
        "type": "if",
        "locations": [
          {"start": {"line": 55, "column": 8}, "end": {"line": 55, "column": 8}},
          {"start": {"line": 55, "column": 8}, "end": {"line": 55, "column": 8}}
        ]
      },
      "5": {
        "line": 77,
        "type": "if",
        "locations": [
          {"start": {"line": 77, "column": 8}, "end": {"line": 77, "column": 8}},
          {"start": {"line": 77, "column": 8}, "end": {"line": 77, "column": 8}}
        ]
      },
      "6": {
        "line": 78,
        "type": "if",
        "locations": [
          {"start": {"line": 78, "column": 8}, "end": {"line": 78, "column": 8}},
          {"start": {"line": 78, "column": 8}, "end": {"line": 78, "column": 8}}
        ]
      },
      "7": {
        "line": 82,
        "type": "if",
        "locations": [
          {"start": {"line": 82, "column": 8}, "end": {"line": 82, "column": 8}},
          {"start": {"line": 82, "column": 8}, "end": {"line": 82, "column": 8}}
        ]
      },
      "8": {
        "line": 84,
        "type": "if",
        "locations": [
          {"start": {"line": 84, "column": 8}, "end": {"line": 84, "column": 8}},
          {"start": {"line": 84, "column": 8}, "end": {"line": 84, "column": 8}}
        ]
      },
      "9": {
        "line": 92,
        "type": "if",
        "locations": [
          {"start": {"line": 92, "column": 12}, "end": {"line": 92, "column": 12}},
          {"start": {"line": 92, "column": 12}, "end": {"line": 92, "column": 12}}
        ]
      },
      "10": {
        "line": 93,
        "type": "if",
        "locations": [
          {"start": {"line": 93, "column": 12}, "end": {"line": 93, "column": 12}},
          {"start": {"line": 93, "column": 12}, "end": {"line": 93, "column": 12}}
        ]
      },
      "11": {
        "line": 94,
        "type": "if",
        "locations": [
          {"start": {"line": 94, "column": 12}, "end": {"line": 94, "column": 12}},
          {"start": {"line": 94, "column": 12}, "end": {"line": 94, "column": 12}}
        ]
      },
      "12": {
        "line": 117,
        "type": "if",
        "locations": [
          {"start": {"line": 117, "column": 8}, "end": {"line": 117, "column": 8}},
          {"start": {"line": 117, "column": 8}, "end": {"line": 117, "column": 8}}
        ]
      },
      "13": {
        "line": 125,
        "type": "if",
        "locations": [
          {"start": {"line": 125, "column": 12}, "end": {"line": 125, "column": 12}},
          {"start": {"line": 125, "column": 12}, "end": {"line": 125, "column": 12}}
        ]
      },
      "14": {
        "line": 132,
        "type": "if",
        "locations": [
          {"start": {"line": 132, "column": 12}, "end": {"line": 132, "column": 12}},
          {"start": {"line": 132, "column": 12}, "end": {"line": 132, "column": 12}}
        ]
      },
      "15": {
        "line": 136,
        "type": "if",
        "locations": [
          {"start": {"line": 136, "column": 19}, "end": {"line": 136, "column": 19}},
          {"start": {"line": 136, "column": 19}, "end": {"line": 136, "column": 19}}
        ]
      },
      "16": {
        "line": 139,
        "type": "if",
        "locations": [
          {"start": {"line": 139, "column": 19}, "end": {"line": 139, "column": 19}},
          {"start": {"line": 139, "column": 19}, "end": {"line": 139, "column": 19}}
        ]
      }
    }
  },
  "contracts/core/ContestTeam.sol": {
    "l": {
      "50": 10,
      "51": 10,
      "53": 8,
      "54": 8,
      "56": 6,
      "57": 6,
      "59": 6,
      "60": 12,
      "62": 12,
      "63": 12,
      "64": 12,
      "69": 6,
      "74": 6,
      "75": 6,
      "76": 6,
      "86": 4,
      "87": 2,
      "88": 2,
      "89": 2,
      "91": 2,
      "92": 2,
      "93": 2,
      "99": 1,
      "100": 1,
      "102": 1,
      "103": 2,
      "104": 2,
      "105": 2,
      "108": 1,
      "114": 2,
      "120": 4,
      "128": 0,
      "136": 0,
      "141": 41,
      "142": 41,
      "143": 41,
      "144": 41,
      "150": 1,
      "151": 1,
      "152": 1,
      "153": 1
    },
    "path": "/home/odisi/dev/projects/hackapay/contracts/core/ContestTeam.sol",
    "s": {
      "1": 10,
      "2": 10,
      "3": 8,
      "4": 8,
      "5": 6,
      "6": 6,
      "7": 6,
      "8": 12,
      "9": 12,
      "10": 12,
      "11": 12,
      "12": 6,
      "13": 6,
      "14": 6,
      "15": 6,
      "16": 4,
      "17": 2,
      "18": 2,
      "19": 2,
      "20": 2,
      "21": 2,
      "22": 2,
      "23": 1,
      "24": 1,
      "25": 1,
      "26": 2,
      "27": 2,
      "28": 2,
      "29": 1,
      "30": 2,
      "31": 4,
      "32": 0,
      "33": 0,
      "34": 41,
      "35": 41,
      "36": 41,
      "37": 41,
      "38": 1,
      "39": 1,
      "40": 1,
      "41": 1
    },
    "b": {
      "1": [8, 2],
      "2": [6, 2],
      "3": [12, 0],
      "4": [6, 0],
      "5": [6, 0],
      "6": [2, 2],
      "7": [1, 0],
      "8": [2, 0],
      "9": [1, 0]
    },
    "f": {"1": 27, "2": 10, "3": 4, "4": 1, "5": 2, "6": 4, "7": 0, "8": 0, "9": 41, "10": 1},
    "fnMap": {
      "1": {
        "name": "constructor",
        "line": 41,
        "loc": {"start": {"line": 41, "column": 4}, "end": {"line": 41, "column": 96}}
      },
      "2": {
        "name": "splitPrize",
        "line": 48,
        "loc": {"start": {"line": 48, "column": 4}, "end": {"line": 48, "column": 59}}
      },
      "3": {
        "name": "withdraw",
        "line": 85,
        "loc": {"start": {"line": 85, "column": 4}, "end": {"line": 85, "column": 44}}
      },
      "4": {
        "name": "getActiveMembers",
        "line": 98,
        "loc": {"start": {"line": 98, "column": 4}, "end": {"line": 98, "column": 68}}
      },
      "5": {
        "name": "getActiveMembersCount",
        "line": 113,
        "loc": {"start": {"line": 113, "column": 4}, "end": {"line": 113, "column": 66}}
      },
      "6": {
        "name": "balanceOf",
        "line": 119,
        "loc": {"start": {"line": 119, "column": 4}, "end": {"line": 119, "column": 65}}
      },
      "7": {
        "name": "pause",
        "line": 127,
        "loc": {"start": {"line": 127, "column": 4}, "end": {"line": 127, "column": 38}}
      },
      "8": {
        "name": "unpause",
        "line": 135,
        "loc": {"start": {"line": 135, "column": 4}, "end": {"line": 135, "column": 40}}
      },
      "9": {
        "name": "_addAttendee",
        "line": 140,
        "loc": {"start": {"line": 140, "column": 4}, "end": {"line": 140, "column": 63}}
      },
      "10": {
        "name": "_removeAttendee",
        "line": 148,
        "loc": {"start": {"line": 148, "column": 4}, "end": {"line": 148, "column": 66}}
      }
    },
    "statementMap": {
      "1": {"start": {"line": 50, "column": 8}, "end": {"line": 50, "column": 77}},
      "2": {"start": {"line": 51, "column": 8}, "end": {"line": 51, "column": 67}},
      "3": {"start": {"line": 53, "column": 8}, "end": {"line": 53, "column": 68}},
      "4": {"start": {"line": 54, "column": 8}, "end": {"line": 54, "column": 46}},
      "5": {"start": {"line": 56, "column": 8}, "end": {"line": 56, "column": 82}},
      "6": {"start": {"line": 57, "column": 8}, "end": {"line": 57, "column": 32}},
      "7": {"start": {"line": 59, "column": 8}, "end": {"line": 59, "column": 2867}},
      "8": {"start": {"line": 60, "column": 12}, "end": {"line": 60, "column": 47}},
      "9": {"start": {"line": 62, "column": 12}, "end": {"line": 62, "column": 3043}},
      "10": {"start": {"line": 63, "column": 16}, "end": {"line": 63, "column": 61}},
      "11": {"start": {"line": 64, "column": 16}, "end": {"line": 64, "column": 61}},
      "12": {"start": {"line": 69, "column": 8}, "end": {"line": 69, "column": 62}},
      "13": {"start": {"line": 74, "column": 8}, "end": {"line": 74, "column": 96}},
      "14": {"start": {"line": 75, "column": 8}, "end": {"line": 75, "column": 102}},
      "15": {"start": {"line": 76, "column": 8}, "end": {"line": 76, "column": 89}},
      "16": {"start": {"line": 86, "column": 8}, "end": {"line": 86, "column": 68}},
      "17": {"start": {"line": 87, "column": 8}, "end": {"line": 87, "column": 53}},
      "18": {"start": {"line": 88, "column": 8}, "end": {"line": 88, "column": 50}},
      "19": {"start": {"line": 89, "column": 8}, "end": {"line": 89, "column": 44}},
      "20": {"start": {"line": 91, "column": 8}, "end": {"line": 91, "column": 52}},
      "21": {"start": {"line": 92, "column": 8}, "end": {"line": 92, "column": 34}},
      "22": {"start": {"line": 93, "column": 8}, "end": {"line": 93, "column": 46}},
      "23": {"start": {"line": 99, "column": 8}, "end": {"line": 99, "column": 60}},
      "24": {"start": {"line": 100, "column": 8}, "end": {"line": 100, "column": 78}},
      "25": {"start": {"line": 102, "column": 8}, "end": {"line": 102, "column": 5364}},
      "26": {"start": {"line": 103, "column": 12}, "end": {"line": 103, "column": 47}},
      "27": {"start": {"line": 104, "column": 12}, "end": {"line": 104, "column": 5492}},
      "28": {"start": {"line": 105, "column": 16}, "end": {"line": 105, "column": 44}},
      "29": {"start": {"line": 108, "column": 8}, "end": {"line": 108, "column": 28}},
      "30": {"start": {"line": 114, "column": 8}, "end": {"line": 114, "column": 37}},
      "31": {"start": {"line": 120, "column": 8}, "end": {"line": 120, "column": 35}},
      "32": {"start": {"line": 128, "column": 8}, "end": {"line": 128, "column": 20}},
      "33": {"start": {"line": 136, "column": 8}, "end": {"line": 136, "column": 22}},
      "34": {"start": {"line": 141, "column": 8}, "end": {"line": 141, "column": 34}},
      "35": {"start": {"line": 142, "column": 8}, "end": {"line": 142, "column": 32}},
      "36": {"start": {"line": 143, "column": 8}, "end": {"line": 143, "column": 40}},
      "37": {"start": {"line": 144, "column": 8}, "end": {"line": 144, "column": 61}},
      "38": {"start": {"line": 150, "column": 8}, "end": {"line": 150, "column": 85}},
      "39": {"start": {"line": 151, "column": 8}, "end": {"line": 151, "column": 37}},
      "40": {"start": {"line": 152, "column": 8}, "end": {"line": 152, "column": 41}},
      "41": {"start": {"line": 153, "column": 8}, "end": {"line": 153, "column": 61}}
    },
    "branchMap": {
      "1": {
        "line": 51,
        "type": "if",
        "locations": [
          {"start": {"line": 51, "column": 8}, "end": {"line": 51, "column": 8}},
          {"start": {"line": 51, "column": 8}, "end": {"line": 51, "column": 8}}
        ]
      },
      "2": {
        "line": 54,
        "type": "if",
        "locations": [
          {"start": {"line": 54, "column": 8}, "end": {"line": 54, "column": 8}},
          {"start": {"line": 54, "column": 8}, "end": {"line": 54, "column": 8}}
        ]
      },
      "3": {
        "line": 62,
        "type": "if",
        "locations": [
          {"start": {"line": 62, "column": 12}, "end": {"line": 62, "column": 12}},
          {"start": {"line": 62, "column": 12}, "end": {"line": 62, "column": 12}}
        ]
      },
      "4": {
        "line": 74,
        "type": "if",
        "locations": [
          {"start": {"line": 74, "column": 8}, "end": {"line": 74, "column": 8}},
          {"start": {"line": 74, "column": 8}, "end": {"line": 74, "column": 8}}
        ]
      },
      "5": {
        "line": 75,
        "type": "if",
        "locations": [
          {"start": {"line": 75, "column": 8}, "end": {"line": 75, "column": 8}},
          {"start": {"line": 75, "column": 8}, "end": {"line": 75, "column": 8}}
        ]
      },
      "6": {
        "line": 86,
        "type": "if",
        "locations": [
          {"start": {"line": 86, "column": 8}, "end": {"line": 86, "column": 8}},
          {"start": {"line": 86, "column": 8}, "end": {"line": 86, "column": 8}}
        ]
      },
      "7": {
        "line": 99,
        "type": "if",
        "locations": [
          {"start": {"line": 99, "column": 8}, "end": {"line": 99, "column": 8}},
          {"start": {"line": 99, "column": 8}, "end": {"line": 99, "column": 8}}
        ]
      },
      "8": {
        "line": 104,
        "type": "if",
        "locations": [
          {"start": {"line": 104, "column": 12}, "end": {"line": 104, "column": 12}},
          {"start": {"line": 104, "column": 12}, "end": {"line": 104, "column": 12}}
        ]
      },
      "9": {
        "line": 150,
        "type": "if",
        "locations": [
          {"start": {"line": 150, "column": 8}, "end": {"line": 150, "column": 8}},
          {"start": {"line": 150, "column": 8}, "end": {"line": 150, "column": 8}}
        ]
      }
    }
  },
  "contracts/core/ContestTeamRegistry.sol": {
    "l": {
      "48": 56,
      "49": 54,
      "53": 44,
      "54": 42,
      "58": 7,
      "59": 5,
      "63": 19,
      "64": 17,
      "68": 30,
      "69": 28,
      "73": 9,
      "74": 7,
      "78": 1,
      "79": 1,
      "100": 18,
      "101": 18,
      "114": 1,
      "115": 1,
      "116": 1,
      "132": 46,
      "133": 44,
      "134": 44,
      "135": 42,
      "139": 42,
      "140": 42,
      "141": 42,
      "142": 42,
      "143": 42,
      "144": 42,
      "158": 1,
      "159": 1,
      "160": 1,
      "168": 1,
      "176": 11,
      "184": 3,
      "192": 1,
      "200": 2,
      "208": 3,
      "217": 1,
      "226": 0,
      "235": 4,
      "240": 8,
      "241": 8,
      "246": 29,
      "247": 29,
      "251": 2,
      "252": 2,
      "257": 4,
      "258": 4,
      "263": 1,
      "264": 1,
      "265": 1,
      "266": 1,
      "271": 0,
      "272": 0,
      "278": 4,
      "279": 4,
      "280": 4,
      "281": 4,
      "286": 152,
      "291": 65,
      "292": 0,
      "295": 65,
      "296": 65
    },
    "path": "/home/odisi/dev/projects/hackapay/contracts/core/ContestTeamRegistry.sol",
    "s": {
      "1": 56,
      "2": 44,
      "3": 7,
      "4": 19,
      "5": 30,
      "6": 9,
      "7": 1,
      "8": 18,
      "9": 18,
      "10": 1,
      "11": 1,
      "12": 1,
      "13": 46,
      "14": 44,
      "15": 44,
      "16": 42,
      "17": 42,
      "18": 42,
      "19": 42,
      "20": 42,
      "21": 42,
      "22": 42,
      "23": 1,
      "24": 1,
      "25": 1,
      "26": 1,
      "27": 11,
      "28": 3,
      "29": 1,
      "30": 2,
      "31": 3,
      "32": 1,
      "33": 0,
      "34": 4,
      "35": 8,
      "36": 8,
      "37": 29,
      "38": 29,
      "39": 2,
      "40": 2,
      "41": 4,
      "42": 4,
      "43": 1,
      "44": 1,
      "45": 1,
      "46": 1,
      "47": 0,
      "48": 0,
      "49": 4,
      "50": 4,
      "51": 4,
      "52": 4,
      "53": 152,
      "54": 65,
      "55": 0,
      "56": 65,
      "57": 65
    },
    "b": {
      "1": [54, 2],
      "2": [42, 2],
      "3": [5, 2],
      "4": [17, 2],
      "5": [28, 2],
      "6": [7, 2],
      "7": [1, 0],
      "8": [1, 0],
      "9": [44, 2],
      "10": [44, 0],
      "11": [42, 2],
      "12": [0, 65]
    },
    "f": {
      "1": 56,
      "2": 44,
      "3": 7,
      "4": 19,
      "5": 30,
      "6": 9,
      "7": 1,
      "8": 55,
      "9": 18,
      "10": 1,
      "11": 46,
      "12": 1,
      "13": 1,
      "14": 11,
      "15": 3,
      "16": 1,
      "17": 2,
      "18": 3,
      "19": 1,
      "20": 0,
      "21": 4,
      "22": 8,
      "23": 29,
      "24": 2,
      "25": 4,
      "26": 1,
      "27": 0,
      "28": 4,
      "29": 152,
      "30": 65
    },
    "fnMap": {
      "1": {
        "name": "registrationIsOpen",
        "line": 47,
        "loc": {"start": {"line": 47, "column": 4}, "end": {"line": 47, "column": 31}}
      },
      "2": {
        "name": "registrationIsClosed",
        "line": 52,
        "loc": {"start": {"line": 52, "column": 4}, "end": {"line": 52, "column": 33}}
      },
      "3": {
        "name": "submissionIsOpen",
        "line": 57,
        "loc": {"start": {"line": 57, "column": 4}, "end": {"line": 57, "column": 29}}
      },
      "4": {
        "name": "submissionIsClosed",
        "line": 62,
        "loc": {"start": {"line": 62, "column": 4}, "end": {"line": 62, "column": 31}}
      },
      "5": {
        "name": "validTeamId",
        "line": 67,
        "loc": {"start": {"line": 67, "column": 4}, "end": {"line": 67, "column": 38}}
      },
      "6": {
        "name": "teamIsApproved",
        "line": 72,
        "loc": {"start": {"line": 72, "column": 4}, "end": {"line": 72, "column": 41}}
      },
      "7": {
        "name": "teamIsReproved",
        "line": 77,
        "loc": {"start": {"line": 77, "column": 4}, "end": {"line": 77, "column": 41}}
      },
      "8": {
        "name": "constructor",
        "line": 83,
        "loc": {"start": {"line": 83, "column": 4}, "end": {"line": 83, "column": 24}}
      },
      "9": {
        "name": "getTeam",
        "line": 94,
        "loc": {"start": {"line": 94, "column": 4}, "end": {"line": 99, "column": 5}}
      },
      "10": {
        "name": "getTeamByAddress",
        "line": 113,
        "loc": {"start": {"line": 113, "column": 4}, "end": {"line": 113, "column": 111}}
      },
      "11": {
        "name": "registerTeam",
        "line": 127,
        "loc": {"start": {"line": 127, "column": 4}, "end": {"line": 131, "column": 5}}
      },
      "12": {
        "name": "updateProposalData",
        "line": 152,
        "loc": {"start": {"line": 152, "column": 4}, "end": {"line": 157, "column": 5}}
      },
      "13": {
        "name": "closeRegistration",
        "line": 167,
        "loc": {"start": {"line": 167, "column": 4}, "end": {"line": 167, "column": 58}}
      },
      "14": {
        "name": "openRegistration",
        "line": 175,
        "loc": {"start": {"line": 175, "column": 4}, "end": {"line": 175, "column": 59}}
      },
      "15": {
        "name": "getRegistrationStatus",
        "line": 183,
        "loc": {"start": {"line": 183, "column": 4}, "end": {"line": 183, "column": 63}}
      },
      "16": {
        "name": "closeSubmission",
        "line": 191,
        "loc": {"start": {"line": 191, "column": 4}, "end": {"line": 191, "column": 54}}
      },
      "17": {
        "name": "openSubmission",
        "line": 199,
        "loc": {"start": {"line": 199, "column": 4}, "end": {"line": 199, "column": 55}}
      },
      "18": {
        "name": "getSubmissionStatus",
        "line": 207,
        "loc": {"start": {"line": 207, "column": 4}, "end": {"line": 207, "column": 61}}
      },
      "19": {
        "name": "approveTeam",
        "line": 216,
        "loc": {"start": {"line": 216, "column": 4}, "end": {"line": 216, "column": 47}}
      },
      "20": {
        "name": "reproveTeams",
        "line": 225,
        "loc": {"start": {"line": 225, "column": 4}, "end": {"line": 225, "column": 60}}
      },
      "21": {
        "name": "reproveTeam",
        "line": 234,
        "loc": {"start": {"line": 234, "column": 4}, "end": {"line": 234, "column": 47}}
      },
      "22": {
        "name": "_closeRegistration",
        "line": 239,
        "loc": {"start": {"line": 239, "column": 4}, "end": {"line": 239, "column": 40}}
      },
      "23": {
        "name": "_openRegistration",
        "line": 245,
        "loc": {"start": {"line": 245, "column": 4}, "end": {"line": 245, "column": 39}}
      },
      "24": {
        "name": "_closeSubmission",
        "line": 250,
        "loc": {"start": {"line": 250, "column": 4}, "end": {"line": 250, "column": 38}}
      },
      "25": {
        "name": "_openSubmission",
        "line": 256,
        "loc": {"start": {"line": 256, "column": 4}, "end": {"line": 256, "column": 37}}
      },
      "26": {
        "name": "_approveTeam",
        "line": 262,
        "loc": {"start": {"line": 262, "column": 4}, "end": {"line": 262, "column": 91}}
      },
      "27": {
        "name": "_reproveTeams",
        "line": 270,
        "loc": {"start": {"line": 270, "column": 4}, "end": {"line": 270, "column": 59}}
      },
      "28": {
        "name": "_reproveTeam",
        "line": 277,
        "loc": {"start": {"line": 277, "column": 4}, "end": {"line": 277, "column": 91}}
      },
      "29": {
        "name": "isValidTeamId",
        "line": 285,
        "loc": {"start": {"line": 285, "column": 4}, "end": {"line": 285, "column": 69}}
      },
      "30": {
        "name": "isTeamApproved",
        "line": 290,
        "loc": {"start": {"line": 290, "column": 4}, "end": {"line": 290, "column": 70}}
      }
    },
    "statementMap": {
      "1": {"start": {"line": 48, "column": 8}, "end": {"line": 48, "column": 61}},
      "2": {"start": {"line": 53, "column": 8}, "end": {"line": 53, "column": 60}},
      "3": {"start": {"line": 58, "column": 8}, "end": {"line": 58, "column": 57}},
      "4": {"start": {"line": 63, "column": 8}, "end": {"line": 63, "column": 56}},
      "5": {"start": {"line": 68, "column": 8}, "end": {"line": 68, "column": 56}},
      "6": {"start": {"line": 73, "column": 8}, "end": {"line": 73, "column": 62}},
      "7": {"start": {"line": 78, "column": 8}, "end": {"line": 78, "column": 64}},
      "8": {"start": {"line": 100, "column": 8}, "end": {"line": 100, "column": 40}},
      "9": {"start": {"line": 101, "column": 8}, "end": {"line": 101, "column": 90}},
      "10": {"start": {"line": 114, "column": 8}, "end": {"line": 114, "column": 65}},
      "11": {"start": {"line": 115, "column": 8}, "end": {"line": 115, "column": 53}},
      "12": {"start": {"line": 116, "column": 8}, "end": {"line": 116, "column": 90}},
      "13": {"start": {"line": 132, "column": 8}, "end": {"line": 132, "column": 61}},
      "14": {"start": {"line": 133, "column": 8}, "end": {"line": 133, "column": 72}},
      "15": {"start": {"line": 134, "column": 8}, "end": {"line": 134, "column": 95}},
      "16": {"start": {"line": 135, "column": 8}, "end": {"line": 135, "column": 37}},
      "17": {"start": {"line": 139, "column": 8}, "end": {"line": 139, "column": 85}},
      "18": {"start": {"line": 140, "column": 8}, "end": {"line": 140, "column": 23}},
      "19": {"start": {"line": 141, "column": 8}, "end": {"line": 141, "column": 49}},
      "20": {"start": {"line": 142, "column": 8}, "end": {"line": 142, "column": 53}},
      "21": {"start": {"line": 143, "column": 8}, "end": {"line": 143, "column": 64}},
      "22": {"start": {"line": 144, "column": 8}, "end": {"line": 144, "column": 21}},
      "23": {"start": {"line": 158, "column": 8}, "end": {"line": 158, "column": 41}},
      "24": {"start": {"line": 159, "column": 8}, "end": {"line": 159, "column": 39}},
      "25": {"start": {"line": 160, "column": 8}, "end": {"line": 160, "column": 78}},
      "26": {"start": {"line": 168, "column": 8}, "end": {"line": 168, "column": 27}},
      "27": {"start": {"line": 176, "column": 8}, "end": {"line": 176, "column": 26}},
      "28": {"start": {"line": 184, "column": 8}, "end": {"line": 184, "column": 34}},
      "29": {"start": {"line": 192, "column": 8}, "end": {"line": 192, "column": 25}},
      "30": {"start": {"line": 200, "column": 8}, "end": {"line": 200, "column": 24}},
      "31": {"start": {"line": 208, "column": 8}, "end": {"line": 208, "column": 32}},
      "32": {"start": {"line": 217, "column": 8}, "end": {"line": 217, "column": 27}},
      "33": {"start": {"line": 226, "column": 8}, "end": {"line": 226, "column": 29}},
      "34": {"start": {"line": 235, "column": 8}, "end": {"line": 235, "column": 27}},
      "35": {"start": {"line": 240, "column": 8}, "end": {"line": 240, "column": 34}},
      "36": {"start": {"line": 241, "column": 8}, "end": {"line": 241, "column": 59}},
      "37": {"start": {"line": 246, "column": 8}, "end": {"line": 246, "column": 33}},
      "38": {"start": {"line": 247, "column": 8}, "end": {"line": 247, "column": 59}},
      "39": {"start": {"line": 251, "column": 8}, "end": {"line": 251, "column": 32}},
      "40": {"start": {"line": 252, "column": 8}, "end": {"line": 252, "column": 55}},
      "41": {"start": {"line": 257, "column": 8}, "end": {"line": 257, "column": 31}},
      "42": {"start": {"line": 258, "column": 8}, "end": {"line": 258, "column": 55}},
      "43": {"start": {"line": 263, "column": 8}, "end": {"line": 263, "column": 41}},
      "44": {"start": {"line": 264, "column": 8}, "end": {"line": 264, "column": 27}},
      "45": {"start": {"line": 265, "column": 8}, "end": {"line": 265, "column": 53}},
      "46": {"start": {"line": 266, "column": 8}, "end": {"line": 266, "column": 72}},
      "47": {"start": {"line": 271, "column": 8}, "end": {"line": 271, "column": 10392}},
      "48": {"start": {"line": 272, "column": 12}, "end": {"line": 272, "column": 35}},
      "49": {"start": {"line": 278, "column": 8}, "end": {"line": 278, "column": 41}},
      "50": {"start": {"line": 279, "column": 8}, "end": {"line": 279, "column": 28}},
      "51": {"start": {"line": 280, "column": 8}, "end": {"line": 280, "column": 53}},
      "52": {"start": {"line": 281, "column": 8}, "end": {"line": 281, "column": 72}},
      "53": {"start": {"line": 286, "column": 8}, "end": {"line": 286, "column": 38}},
      "54": {"start": {"line": 291, "column": 8}, "end": {"line": 291, "column": 11113}},
      "55": {"start": {"line": 292, "column": 12}, "end": {"line": 292, "column": 24}},
      "56": {"start": {"line": 295, "column": 8}, "end": {"line": 295, "column": 40}},
      "57": {"start": {"line": 296, "column": 8}, "end": {"line": 296, "column": 28}}
    },
    "branchMap": {
      "1": {
        "line": 48,
        "type": "if",
        "locations": [
          {"start": {"line": 48, "column": 8}, "end": {"line": 48, "column": 8}},
          {"start": {"line": 48, "column": 8}, "end": {"line": 48, "column": 8}}
        ]
      },
      "2": {
        "line": 53,
        "type": "if",
        "locations": [
          {"start": {"line": 53, "column": 8}, "end": {"line": 53, "column": 8}},
          {"start": {"line": 53, "column": 8}, "end": {"line": 53, "column": 8}}
        ]
      },
      "3": {
        "line": 58,
        "type": "if",
        "locations": [
          {"start": {"line": 58, "column": 8}, "end": {"line": 58, "column": 8}},
          {"start": {"line": 58, "column": 8}, "end": {"line": 58, "column": 8}}
        ]
      },
      "4": {
        "line": 63,
        "type": "if",
        "locations": [
          {"start": {"line": 63, "column": 8}, "end": {"line": 63, "column": 8}},
          {"start": {"line": 63, "column": 8}, "end": {"line": 63, "column": 8}}
        ]
      },
      "5": {
        "line": 68,
        "type": "if",
        "locations": [
          {"start": {"line": 68, "column": 8}, "end": {"line": 68, "column": 8}},
          {"start": {"line": 68, "column": 8}, "end": {"line": 68, "column": 8}}
        ]
      },
      "6": {
        "line": 73,
        "type": "if",
        "locations": [
          {"start": {"line": 73, "column": 8}, "end": {"line": 73, "column": 8}},
          {"start": {"line": 73, "column": 8}, "end": {"line": 73, "column": 8}}
        ]
      },
      "7": {
        "line": 78,
        "type": "if",
        "locations": [
          {"start": {"line": 78, "column": 8}, "end": {"line": 78, "column": 8}},
          {"start": {"line": 78, "column": 8}, "end": {"line": 78, "column": 8}}
        ]
      },
      "8": {
        "line": 114,
        "type": "if",
        "locations": [
          {"start": {"line": 114, "column": 8}, "end": {"line": 114, "column": 8}},
          {"start": {"line": 114, "column": 8}, "end": {"line": 114, "column": 8}}
        ]
      },
      "9": {
        "line": 132,
        "type": "if",
        "locations": [
          {"start": {"line": 132, "column": 8}, "end": {"line": 132, "column": 8}},
          {"start": {"line": 132, "column": 8}, "end": {"line": 132, "column": 8}}
        ]
      },
      "10": {
        "line": 133,
        "type": "if",
        "locations": [
          {"start": {"line": 133, "column": 8}, "end": {"line": 133, "column": 8}},
          {"start": {"line": 133, "column": 8}, "end": {"line": 133, "column": 8}}
        ]
      },
      "11": {
        "line": 134,
        "type": "if",
        "locations": [
          {"start": {"line": 134, "column": 8}, "end": {"line": 134, "column": 8}},
          {"start": {"line": 134, "column": 8}, "end": {"line": 134, "column": 8}}
        ]
      },
      "12": {
        "line": 291,
        "type": "if",
        "locations": [
          {"start": {"line": 291, "column": 8}, "end": {"line": 291, "column": 8}},
          {"start": {"line": 291, "column": 8}, "end": {"line": 291, "column": 8}}
        ]
      }
    }
  },
  "contracts/core/Hackathon.sol": {
    "l": {
      "45": 10,
      "46": 8,
      "50": 21,
      "51": 19,
      "55": 17,
      "56": 15,
      "60": 19,
      "61": 19,
      "62": 17,
      "76": 16,
      "77": 16,
      "78": 16,
      "79": 16,
      "80": 16,
      "94": 8,
      "95": 8,
      "96": 6,
      "97": 6,
      "98": 6,
      "99": 6,
      "100": 6,
      "114": 15,
      "115": 15,
      "116": 15,
      "118": 15,
      "119": 5,
      "120": 5,
      "121": 5,
      "122": 5,
      "123": 3,
      "125": 5,
      "126": 5,
      "127": 5,
      "128": 5,
      "129": 3,
      "131": 5,
      "132": 5,
      "133": 5,
      "134": 5,
      "135": 3,
      "137": 0,
      "140": 9,
      "142": 9,
      "150": 17
    },
    "path": "/home/odisi/dev/projects/hackapay/contracts/core/Hackathon.sol",
    "s": {
      "1": 10,
      "2": 21,
      "3": 17,
      "4": 19,
      "5": 19,
      "6": 16,
      "7": 16,
      "8": 16,
      "9": 16,
      "10": 16,
      "11": 8,
      "12": 8,
      "13": 6,
      "14": 6,
      "15": 6,
      "16": 6,
      "17": 6,
      "18": 15,
      "19": 15,
      "20": 15,
      "21": 15,
      "22": 5,
      "23": 5,
      "24": 5,
      "25": 5,
      "26": 3,
      "27": 10,
      "28": 5,
      "29": 5,
      "30": 5,
      "31": 5,
      "32": 3,
      "33": 5,
      "34": 5,
      "35": 5,
      "36": 5,
      "37": 5,
      "38": 3,
      "39": 0,
      "40": 9,
      "41": 9,
      "42": 17
    },
    "b": {
      "1": [8, 2],
      "2": [19, 2],
      "3": [15, 2],
      "4": [19, 0],
      "5": [17, 2],
      "6": [16, 0],
      "7": [6, 2],
      "8": [5, 10],
      "9": [3, 2],
      "10": [5, 5],
      "11": [3, 2],
      "12": [5, 0],
      "13": [3, 2]
    },
    "f": {"1": 10, "2": 21, "3": 17, "4": 19, "5": 16, "6": 8, "7": 15, "8": 17},
    "fnMap": {
      "1": {
        "name": "whenPrizeNotAllocated",
        "line": 44,
        "loc": {"start": {"line": 44, "column": 4}, "end": {"line": 44, "column": 34}}
      },
      "2": {
        "name": "whenPrizeAllocated",
        "line": 49,
        "loc": {"start": {"line": 49, "column": 4}, "end": {"line": 49, "column": 31}}
      },
      "3": {
        "name": "onlyWinnerAddress",
        "line": 54,
        "loc": {"start": {"line": 54, "column": 4}, "end": {"line": 54, "column": 51}}
      },
      "4": {
        "name": "onlyValidAddress",
        "line": 59,
        "loc": {"start": {"line": 59, "column": 4}, "end": {"line": 59, "column": 44}}
      },
      "5": {
        "name": "constructor",
        "line": 72,
        "loc": {"start": {"line": 72, "column": 4}, "end": {"line": 75, "column": 5}}
      },
      "6": {
        "name": "allocatePrize",
        "line": 89,
        "loc": {"start": {"line": 89, "column": 4}, "end": {"line": 93, "column": 5}}
      },
      "7": {
        "name": "withdrawPrize",
        "line": 107,
        "loc": {"start": {"line": 107, "column": 4}, "end": {"line": 113, "column": 5}}
      },
      "8": {
        "name": "isWinnerAddress",
        "line": 149,
        "loc": {"start": {"line": 149, "column": 4}, "end": {"line": 149, "column": 77}}
      }
    },
    "statementMap": {
      "1": {"start": {"line": 45, "column": 8}, "end": {"line": 45, "column": 60}},
      "2": {"start": {"line": 50, "column": 8}, "end": {"line": 50, "column": 59}},
      "3": {"start": {"line": 55, "column": 8}, "end": {"line": 55, "column": 81}},
      "4": {"start": {"line": 60, "column": 8}, "end": {"line": 60, "column": 61}},
      "5": {"start": {"line": 61, "column": 8}, "end": {"line": 61, "column": 94}},
      "6": {"start": {"line": 76, "column": 8}, "end": {"line": 76, "column": 45}},
      "7": {"start": {"line": 77, "column": 8}, "end": {"line": 77, "column": 15}},
      "8": {"start": {"line": 78, "column": 8}, "end": {"line": 78, "column": 19}},
      "9": {"start": {"line": 79, "column": 8}, "end": {"line": 79, "column": 33}},
      "10": {"start": {"line": 80, "column": 8}, "end": {"line": 80, "column": 30}},
      "11": {"start": {"line": 94, "column": 8}, "end": {"line": 94, "column": 73}},
      "12": {"start": {"line": 95, "column": 8}, "end": {"line": 95, "column": 104}},
      "13": {"start": {"line": 96, "column": 8}, "end": {"line": 96, "column": 49}},
      "14": {"start": {"line": 97, "column": 8}, "end": {"line": 97, "column": 51}},
      "15": {"start": {"line": 98, "column": 8}, "end": {"line": 98, "column": 49}},
      "16": {"start": {"line": 99, "column": 8}, "end": {"line": 99, "column": 29}},
      "17": {"start": {"line": 100, "column": 8}, "end": {"line": 100, "column": 82}},
      "18": {"start": {"line": 114, "column": 8}, "end": {"line": 114, "column": 27}},
      "19": {"start": {"line": 115, "column": 8}, "end": {"line": 115, "column": 22}},
      "20": {"start": {"line": 116, "column": 8}, "end": {"line": 116, "column": 26}},
      "21": {"start": {"line": 118, "column": 8}, "end": {"line": 118, "column": 4282}},
      "22": {"start": {"line": 119, "column": 12}, "end": {"line": 119, "column": 47}},
      "23": {"start": {"line": 120, "column": 12}, "end": {"line": 120, "column": 42}},
      "24": {"start": {"line": 121, "column": 12}, "end": {"line": 121, "column": 27}},
      "25": {"start": {"line": 122, "column": 12}, "end": {"line": 122, "column": 79}},
      "26": {"start": {"line": 123, "column": 12}, "end": {"line": 123, "column": 38}},
      "27": {"start": {"line": 124, "column": 15}, "end": {"line": 124, "column": 4592}},
      "28": {"start": {"line": 125, "column": 12}, "end": {"line": 125, "column": 48}},
      "29": {"start": {"line": 126, "column": 12}, "end": {"line": 126, "column": 43}},
      "30": {"start": {"line": 127, "column": 12}, "end": {"line": 127, "column": 27}},
      "31": {"start": {"line": 128, "column": 12}, "end": {"line": 128, "column": 81}},
      "32": {"start": {"line": 129, "column": 12}, "end": {"line": 129, "column": 39}},
      "33": {"start": {"line": 130, "column": 15}, "end": {"line": 130, "column": 4908}},
      "34": {"start": {"line": 131, "column": 12}, "end": {"line": 131, "column": 47}},
      "35": {"start": {"line": 132, "column": 12}, "end": {"line": 132, "column": 42}},
      "36": {"start": {"line": 133, "column": 12}, "end": {"line": 133, "column": 27}},
      "37": {"start": {"line": 134, "column": 12}, "end": {"line": 134, "column": 79}},
      "38": {"start": {"line": 135, "column": 12}, "end": {"line": 135, "column": 38}},
      "39": {"start": {"line": 137, "column": 12}, "end": {"line": 137, "column": 88}},
      "40": {"start": {"line": 140, "column": 8}, "end": {"line": 140, "column": 73}},
      "41": {"start": {"line": 142, "column": 8}, "end": {"line": 142, "column": 50}},
      "42": {"start": {"line": 150, "column": 8}, "end": {"line": 150, "column": 5670}}
    },
    "branchMap": {
      "1": {
        "line": 45,
        "type": "if",
        "locations": [
          {"start": {"line": 45, "column": 8}, "end": {"line": 45, "column": 8}},
          {"start": {"line": 45, "column": 8}, "end": {"line": 45, "column": 8}}
        ]
      },
      "2": {
        "line": 50,
        "type": "if",
        "locations": [
          {"start": {"line": 50, "column": 8}, "end": {"line": 50, "column": 8}},
          {"start": {"line": 50, "column": 8}, "end": {"line": 50, "column": 8}}
        ]
      },
      "3": {
        "line": 55,
        "type": "if",
        "locations": [
          {"start": {"line": 55, "column": 8}, "end": {"line": 55, "column": 8}},
          {"start": {"line": 55, "column": 8}, "end": {"line": 55, "column": 8}}
        ]
      },
      "4": {
        "line": 60,
        "type": "if",
        "locations": [
          {"start": {"line": 60, "column": 8}, "end": {"line": 60, "column": 8}},
          {"start": {"line": 60, "column": 8}, "end": {"line": 60, "column": 8}}
        ]
      },
      "5": {
        "line": 61,
        "type": "if",
        "locations": [
          {"start": {"line": 61, "column": 8}, "end": {"line": 61, "column": 8}},
          {"start": {"line": 61, "column": 8}, "end": {"line": 61, "column": 8}}
        ]
      },
      "6": {
        "line": 76,
        "type": "if",
        "locations": [
          {"start": {"line": 76, "column": 8}, "end": {"line": 76, "column": 8}},
          {"start": {"line": 76, "column": 8}, "end": {"line": 76, "column": 8}}
        ]
      },
      "7": {
        "line": 95,
        "type": "if",
        "locations": [
          {"start": {"line": 95, "column": 8}, "end": {"line": 95, "column": 8}},
          {"start": {"line": 95, "column": 8}, "end": {"line": 95, "column": 8}}
        ]
      },
      "8": {
        "line": 118,
        "type": "if",
        "locations": [
          {"start": {"line": 118, "column": 8}, "end": {"line": 118, "column": 8}},
          {"start": {"line": 118, "column": 8}, "end": {"line": 118, "column": 8}}
        ]
      },
      "9": {
        "line": 122,
        "type": "if",
        "locations": [
          {"start": {"line": 122, "column": 12}, "end": {"line": 122, "column": 12}},
          {"start": {"line": 122, "column": 12}, "end": {"line": 122, "column": 12}}
        ]
      },
      "10": {
        "line": 124,
        "type": "if",
        "locations": [
          {"start": {"line": 124, "column": 15}, "end": {"line": 124, "column": 15}},
          {"start": {"line": 124, "column": 15}, "end": {"line": 124, "column": 15}}
        ]
      },
      "11": {
        "line": 128,
        "type": "if",
        "locations": [
          {"start": {"line": 128, "column": 12}, "end": {"line": 128, "column": 12}},
          {"start": {"line": 128, "column": 12}, "end": {"line": 128, "column": 12}}
        ]
      },
      "12": {
        "line": 130,
        "type": "if",
        "locations": [
          {"start": {"line": 130, "column": 15}, "end": {"line": 130, "column": 15}},
          {"start": {"line": 130, "column": 15}, "end": {"line": 130, "column": 15}}
        ]
      },
      "13": {
        "line": 134,
        "type": "if",
        "locations": [
          {"start": {"line": 134, "column": 12}, "end": {"line": 134, "column": 12}},
          {"start": {"line": 134, "column": 12}, "end": {"line": 134, "column": 12}}
        ]
      }
    }
  },
  "contracts/core/IContest.sol": {
    "l": {},
    "path": "/home/odisi/dev/projects/hackapay/contracts/core/IContest.sol",
    "s": {},
    "b": {},
    "f": {},
    "fnMap": {},
    "statementMap": {},
    "branchMap": {}
  },
  "contracts/factory/ContestTeamFactory.sol": {
    "l": {
      "22": 9,
      "23": 7,
      "28": 6,
      "29": 4,
      "40": 4,
      "41": 4,
      "42": 4,
      "43": 4,
      "44": 4,
      "45": 4,
      "53": 0,
      "61": 1,
      "62": 1,
      "70": 1
    },
    "path": "/home/odisi/dev/projects/hackapay/contracts/factory/ContestTeamFactory.sol",
    "s": {"1": 9, "2": 6, "3": 4, "4": 4, "5": 4, "6": 4, "7": 4, "8": 4, "9": 0, "10": 1, "11": 1, "12": 1},
    "b": {"1": [7, 2], "2": [4, 2], "3": [1, 0]},
    "f": {"1": 9, "2": 6, "3": 4, "4": 0, "5": 1, "6": 1},
    "fnMap": {
      "1": {
        "name": "notEmptyName",
        "line": 21,
        "loc": {"start": {"line": 21, "column": 4}, "end": {"line": 21, "column": 37}}
      },
      "2": {
        "name": "uniqueTeamName",
        "line": 27,
        "loc": {"start": {"line": 27, "column": 4}, "end": {"line": 27, "column": 39}}
      },
      "3": {
        "name": "createTeamContract",
        "line": 38,
        "loc": {"start": {"line": 38, "column": 4}, "end": {"line": 38, "column": 116}}
      },
      "4": {
        "name": "getDeployedTeamContracts",
        "line": 52,
        "loc": {"start": {"line": 52, "column": 4}, "end": {"line": 52, "column": 76}}
      },
      "5": {
        "name": "getTeamContractById",
        "line": 60,
        "loc": {"start": {"line": 60, "column": 4}, "end": {"line": 60, "column": 72}}
      },
      "6": {
        "name": "getTeamContractByName",
        "line": 69,
        "loc": {"start": {"line": 69, "column": 4}, "end": {"line": 69, "column": 95}}
      }
    },
    "statementMap": {
      "1": {"start": {"line": 22, "column": 8}, "end": {"line": 22, "column": 57}},
      "2": {"start": {"line": 28, "column": 8}, "end": {"line": 28, "column": 75}},
      "3": {"start": {"line": 40, "column": 8}, "end": {"line": 40, "column": 41}},
      "4": {"start": {"line": 41, "column": 8}, "end": {"line": 41, "column": 62}},
      "5": {"start": {"line": 42, "column": 8}, "end": {"line": 42, "column": 34}},
      "6": {"start": {"line": 43, "column": 8}, "end": {"line": 43, "column": 34}},
      "7": {"start": {"line": 44, "column": 8}, "end": {"line": 44, "column": 66}},
      "8": {"start": {"line": 45, "column": 8}, "end": {"line": 45, "column": 22}},
      "9": {"start": {"line": 53, "column": 8}, "end": {"line": 53, "column": 28}},
      "10": {"start": {"line": 61, "column": 8}, "end": {"line": 61, "column": 41}},
      "11": {"start": {"line": 62, "column": 8}, "end": {"line": 62, "column": 32}},
      "12": {"start": {"line": 70, "column": 8}, "end": {"line": 70, "column": 32}}
    },
    "branchMap": {
      "1": {
        "line": 22,
        "type": "if",
        "locations": [
          {"start": {"line": 22, "column": 8}, "end": {"line": 22, "column": 8}},
          {"start": {"line": 22, "column": 8}, "end": {"line": 22, "column": 8}}
        ]
      },
      "2": {
        "line": 28,
        "type": "if",
        "locations": [
          {"start": {"line": 28, "column": 8}, "end": {"line": 28, "column": 8}},
          {"start": {"line": 28, "column": 8}, "end": {"line": 28, "column": 8}}
        ]
      },
      "3": {
        "line": 61,
        "type": "if",
        "locations": [
          {"start": {"line": 61, "column": 8}, "end": {"line": 61, "column": 8}},
          {"start": {"line": 61, "column": 8}, "end": {"line": 61, "column": 8}}
        ]
      }
    }
  },
  "contracts/factory/HackathonFactory.sol": {
    "l": {
      "23": 9,
      "24": 7,
      "29": 6,
      "30": 4,
      "47": 4,
      "48": 4,
      "49": 4,
      "50": 4,
      "51": 4,
      "52": 4,
      "60": 0,
      "68": 1,
      "69": 1,
      "77": 1
    },
    "path": "/home/odisi/dev/projects/hackapay/contracts/factory/HackathonFactory.sol",
    "s": {"1": 9, "2": 6, "3": 4, "4": 4, "5": 4, "6": 4, "7": 4, "8": 4, "9": 0, "10": 1, "11": 1, "12": 1},
    "b": {"1": [7, 2], "2": [4, 2], "3": [1, 0]},
    "f": {"1": 9, "2": 6, "3": 4, "4": 0, "5": 1, "6": 1},
    "fnMap": {
      "1": {
        "name": "notEmptyName",
        "line": 22,
        "loc": {"start": {"line": 22, "column": 4}, "end": {"line": 22, "column": 37}}
      },
      "2": {
        "name": "uniqueHackathonName",
        "line": 28,
        "loc": {"start": {"line": 28, "column": 4}, "end": {"line": 28, "column": 44}}
      },
      "3": {
        "name": "createHackathonContract",
        "line": 39,
        "loc": {"start": {"line": 39, "column": 4}, "end": {"line": 45, "column": 5}}
      },
      "4": {
        "name": "getDeployedHackathonContracts",
        "line": 59,
        "loc": {"start": {"line": 59, "column": 4}, "end": {"line": 59, "column": 81}}
      },
      "5": {
        "name": "getHackathonContractById",
        "line": 67,
        "loc": {"start": {"line": 67, "column": 4}, "end": {"line": 67, "column": 77}}
      },
      "6": {
        "name": "getHackathonContractByName",
        "line": 76,
        "loc": {"start": {"line": 76, "column": 4}, "end": {"line": 76, "column": 100}}
      }
    },
    "statementMap": {
      "1": {"start": {"line": 23, "column": 8}, "end": {"line": 23, "column": 62}},
      "2": {"start": {"line": 29, "column": 8}, "end": {"line": 29, "column": 85}},
      "3": {"start": {"line": 47, "column": 8}, "end": {"line": 47, "column": 46}},
      "4": {"start": {"line": 48, "column": 8}, "end": {"line": 48, "column": 88}},
      "5": {"start": {"line": 49, "column": 8}, "end": {"line": 49, "column": 44}},
      "6": {"start": {"line": 50, "column": 8}, "end": {"line": 50, "column": 44}},
      "7": {"start": {"line": 51, "column": 8}, "end": {"line": 51, "column": 82}},
      "8": {"start": {"line": 52, "column": 8}, "end": {"line": 52, "column": 27}},
      "9": {"start": {"line": 60, "column": 8}, "end": {"line": 60, "column": 33}},
      "10": {"start": {"line": 68, "column": 8}, "end": {"line": 68, "column": 46}},
      "11": {"start": {"line": 69, "column": 8}, "end": {"line": 69, "column": 37}},
      "12": {"start": {"line": 77, "column": 8}, "end": {"line": 77, "column": 37}}
    },
    "branchMap": {
      "1": {
        "line": 23,
        "type": "if",
        "locations": [
          {"start": {"line": 23, "column": 8}, "end": {"line": 23, "column": 8}},
          {"start": {"line": 23, "column": 8}, "end": {"line": 23, "column": 8}}
        ]
      },
      "2": {
        "line": 29,
        "type": "if",
        "locations": [
          {"start": {"line": 29, "column": 8}, "end": {"line": 29, "column": 8}},
          {"start": {"line": 29, "column": 8}, "end": {"line": 29, "column": 8}}
        ]
      },
      "3": {
        "line": 68,
        "type": "if",
        "locations": [
          {"start": {"line": 68, "column": 8}, "end": {"line": 68, "column": 8}},
          {"start": {"line": 68, "column": 8}, "end": {"line": 68, "column": 8}}
        ]
      }
    }
  },
  "contracts/lifecycle/Pausable.sol": {
    "l": {
      "28": 32,
      "37": 2,
      "42": 57,
      "43": 55,
      "48": 3,
      "49": 1,
      "58": 3,
      "67": 1,
      "72": 3,
      "73": 3,
      "78": 1,
      "79": 1
    },
    "path": "/home/odisi/dev/projects/hackapay/contracts/lifecycle/Pausable.sol",
    "s": {"1": 32, "2": 2, "3": 57, "4": 3, "5": 3, "6": 1, "7": 3, "8": 3, "9": 1, "10": 1},
    "b": {"1": [55, 2], "2": [1, 2]},
    "f": {"1": 32, "2": 2, "3": 57, "4": 3, "5": 3, "6": 1, "7": 3, "8": 1},
    "fnMap": {
      "1": {
        "name": "constructor",
        "line": 27,
        "loc": {"start": {"line": 27, "column": 4}, "end": {"line": 27, "column": 24}}
      },
      "2": {
        "name": "isPaused",
        "line": 36,
        "loc": {"start": {"line": 36, "column": 4}, "end": {"line": 36, "column": 48}}
      },
      "3": {
        "name": "whenNotPaused",
        "line": 41,
        "loc": {"start": {"line": 41, "column": 4}, "end": {"line": 41, "column": 26}}
      },
      "4": {
        "name": "whenPaused",
        "line": 47,
        "loc": {"start": {"line": 47, "column": 4}, "end": {"line": 47, "column": 23}}
      },
      "5": {
        "name": "pause",
        "line": 57,
        "loc": {"start": {"line": 57, "column": 4}, "end": {"line": 57, "column": 25}}
      },
      "6": {
        "name": "unpause",
        "line": 66,
        "loc": {"start": {"line": 66, "column": 4}, "end": {"line": 66, "column": 27}}
      },
      "7": {
        "name": "_pause",
        "line": 71,
        "loc": {"start": {"line": 71, "column": 4}, "end": {"line": 71, "column": 42}}
      },
      "8": {
        "name": "_unpause",
        "line": 77,
        "loc": {"start": {"line": 77, "column": 4}, "end": {"line": 77, "column": 39}}
      }
    },
    "statementMap": {
      "1": {"start": {"line": 28, "column": 8}, "end": {"line": 28, "column": 22}},
      "2": {"start": {"line": 37, "column": 8}, "end": {"line": 37, "column": 22}},
      "3": {"start": {"line": 42, "column": 8}, "end": {"line": 42, "column": 46}},
      "4": {"start": {"line": 48, "column": 8}, "end": {"line": 48, "column": 49}},
      "5": {"start": {"line": 58, "column": 8}, "end": {"line": 58, "column": 15}},
      "6": {"start": {"line": 67, "column": 8}, "end": {"line": 67, "column": 17}},
      "7": {"start": {"line": 72, "column": 8}, "end": {"line": 72, "column": 21}},
      "8": {"start": {"line": 73, "column": 8}, "end": {"line": 73, "column": 31}},
      "9": {"start": {"line": 78, "column": 8}, "end": {"line": 78, "column": 22}},
      "10": {"start": {"line": 79, "column": 8}, "end": {"line": 79, "column": 33}}
    },
    "branchMap": {
      "1": {
        "line": 42,
        "type": "if",
        "locations": [
          {"start": {"line": 42, "column": 8}, "end": {"line": 42, "column": 8}},
          {"start": {"line": 42, "column": 8}, "end": {"line": 42, "column": 8}}
        ]
      },
      "2": {
        "line": 48,
        "type": "if",
        "locations": [
          {"start": {"line": 48, "column": 8}, "end": {"line": 48, "column": 8}},
          {"start": {"line": 48, "column": 8}, "end": {"line": 48, "column": 8}}
        ]
      }
    }
  },
  "contracts/mocks/AttendeeRoleMock.sol": {
    "l": {"34": 6, "43": 10},
    "path": "/home/odisi/dev/projects/hackapay/contracts/mocks/AttendeeRoleMock.sol",
    "s": {"1": 6, "2": 10},
    "b": {},
    "f": {"1": 15, "2": 6, "3": 1, "4": 10},
    "fnMap": {
      "1": {
        "name": "constructor",
        "line": 31,
        "loc": {"start": {"line": 31, "column": 4}, "end": {"line": 31, "column": 47}}
      },
      "2": {
        "name": "removeAttendee",
        "line": 33,
        "loc": {"start": {"line": 33, "column": 4}, "end": {"line": 33, "column": 49}}
      },
      "3": {
        "name": "onlyAttendeeMock",
        "line": 37,
        "loc": {"start": {"line": 37, "column": 4}, "end": {"line": 37, "column": 54}}
      },
      "4": {
        "name": "_removeAttendee",
        "line": 42,
        "loc": {"start": {"line": 42, "column": 4}, "end": {"line": 42, "column": 52}}
      }
    },
    "statementMap": {
      "1": {"start": {"line": 34, "column": 8}, "end": {"line": 34, "column": 31}},
      "2": {"start": {"line": 43, "column": 8}, "end": {"line": 43, "column": 37}}
    },
    "branchMap": {}
  },
  "contracts/mocks/ContestBracketRegistryMock.sol": {
    "l": {},
    "path": "/home/odisi/dev/projects/hackapay/contracts/mocks/ContestBracketRegistryMock.sol",
    "s": {},
    "b": {},
    "f": {"1": 25},
    "fnMap": {
      "1": {
        "name": "constructor",
        "line": 6,
        "loc": {"start": {"line": 6, "column": 4}, "end": {"line": 6, "column": 57}}
      }
    },
    "statementMap": {},
    "branchMap": {}
  },
  "contracts/mocks/ContestRoleManagerMock.sol": {
    "l": {"9": 2, "13": 2},
    "path": "/home/odisi/dev/projects/hackapay/contracts/mocks/ContestRoleManagerMock.sol",
    "s": {"1": 2, "2": 2},
    "b": {},
    "f": {"1": 5, "2": 2, "3": 2},
    "fnMap": {
      "1": {
        "name": "constructor",
        "line": 6,
        "loc": {"start": {"line": 6, "column": 4}, "end": {"line": 6, "column": 53}}
      },
      "2": {
        "name": "getActiveOrganizersCount",
        "line": 8,
        "loc": {"start": {"line": 8, "column": 4}, "end": {"line": 8, "column": 67}}
      },
      "3": {
        "name": "getActiveJudgesCount",
        "line": 12,
        "loc": {"start": {"line": 12, "column": 4}, "end": {"line": 12, "column": 63}}
      }
    },
    "statementMap": {
      "1": {"start": {"line": 9, "column": 8}, "end": {"line": 9, "column": 36}},
      "2": {"start": {"line": 13, "column": 8}, "end": {"line": 13, "column": 32}}
    },
    "branchMap": {}
  },
  "contracts/mocks/ContestTeamMock.sol": {
    "l": {"14": 2, "18": 2, "22": 6},
    "path": "/home/odisi/dev/projects/hackapay/contracts/mocks/ContestTeamMock.sol",
    "s": {"1": 2, "2": 2, "3": 6},
    "b": {},
    "f": {"1": 23, "2": 2, "3": 2, "4": 6},
    "fnMap": {
      "1": {
        "name": "constructor",
        "line": 10,
        "loc": {"start": {"line": 10, "column": 4}, "end": {"line": 10, "column": 46}}
      },
      "2": {
        "name": "getReservedBalance",
        "line": 13,
        "loc": {"start": {"line": 13, "column": 4}, "end": {"line": 13, "column": 61}}
      },
      "3": {
        "name": "getAvailableBalance",
        "line": 17,
        "loc": {"start": {"line": 17, "column": 4}, "end": {"line": 17, "column": 62}}
      },
      "4": {
        "name": "getBalance",
        "line": 21,
        "loc": {"start": {"line": 21, "column": 4}, "end": {"line": 21, "column": 53}}
      }
    },
    "statementMap": {
      "1": {"start": {"line": 14, "column": 8}, "end": {"line": 14, "column": 30}},
      "2": {"start": {"line": 18, "column": 8}, "end": {"line": 18, "column": 57}},
      "3": {"start": {"line": 22, "column": 8}, "end": {"line": 22, "column": 36}}
    },
    "branchMap": {}
  },
  "contracts/mocks/ContestTeamRegistryMock.sol": {
    "l": {"9": 1},
    "path": "/home/odisi/dev/projects/hackapay/contracts/mocks/ContestTeamRegistryMock.sol",
    "s": {"1": 1},
    "b": {},
    "f": {"1": 14, "2": 1},
    "fnMap": {
      "1": {
        "name": "constructor",
        "line": 6,
        "loc": {"start": {"line": 6, "column": 4}, "end": {"line": 6, "column": 44}}
      },
      "2": {
        "name": "getApprovedTeamsCount",
        "line": 8,
        "loc": {"start": {"line": 8, "column": 4}, "end": {"line": 8, "column": 66}}
      }
    },
    "statementMap": {"1": {"start": {"line": 9, "column": 8}, "end": {"line": 9, "column": 33}}},
    "branchMap": {}
  },
  "contracts/mocks/HackathonMock.sol": {
    "l": {"14": 3, "18": 3, "22": 2},
    "path": "/home/odisi/dev/projects/hackapay/contracts/mocks/HackathonMock.sol",
    "s": {"1": 3, "2": 3, "3": 2},
    "b": {},
    "f": {"1": 12, "2": 3, "3": 3, "4": 2},
    "fnMap": {
      "1": {
        "name": "constructor",
        "line": 6,
        "loc": {"start": {"line": 6, "column": 4}, "end": {"line": 9, "column": 5}}
      },
      "2": {
        "name": "dummyAllocatePrizesMock",
        "line": 13,
        "loc": {"start": {"line": 13, "column": 4}, "end": {"line": 13, "column": 59}}
      },
      "3": {
        "name": "dummyPublishRankMock",
        "line": 17,
        "loc": {"start": {"line": 17, "column": 4}, "end": {"line": 17, "column": 56}}
      },
      "4": {
        "name": "getPrizeAllocationStatus",
        "line": 21,
        "loc": {"start": {"line": 21, "column": 4}, "end": {"line": 21, "column": 66}}
      }
    },
    "statementMap": {
      "1": {"start": {"line": 14, "column": 8}, "end": {"line": 14, "column": 29}},
      "2": {"start": {"line": 18, "column": 8}, "end": {"line": 18, "column": 27}},
      "3": {"start": {"line": 22, "column": 8}, "end": {"line": 22, "column": 30}}
    },
    "branchMap": {}
  },
  "contracts/mocks/JudgeRoleMock.sol": {
    "l": {"32": 15, "36": 21, "40": 6, "49": 10},
    "path": "/home/odisi/dev/projects/hackapay/contracts/mocks/JudgeRoleMock.sol",
    "s": {"1": 15, "2": 21, "3": 6, "4": 10},
    "b": {},
    "f": {"1": 15, "2": 21, "3": 6, "4": 1, "5": 10},
    "fnMap": {
      "1": {
        "name": "constructor",
        "line": 31,
        "loc": {"start": {"line": 31, "column": 4}, "end": {"line": 31, "column": 34}}
      },
      "2": {
        "name": "addJudge",
        "line": 35,
        "loc": {"start": {"line": 35, "column": 4}, "end": {"line": 35, "column": 53}}
      },
      "3": {
        "name": "removeJudge",
        "line": 39,
        "loc": {"start": {"line": 39, "column": 4}, "end": {"line": 39, "column": 46}}
      },
      "4": {
        "name": "onlyJudgeMock",
        "line": 43,
        "loc": {"start": {"line": 43, "column": 4}, "end": {"line": 43, "column": 48}}
      },
      "5": {
        "name": "_removeJudge",
        "line": 48,
        "loc": {"start": {"line": 48, "column": 4}, "end": {"line": 48, "column": 49}}
      }
    },
    "statementMap": {
      "1": {"start": {"line": 32, "column": 8}, "end": {"line": 32, "column": 34}},
      "2": {"start": {"line": 36, "column": 8}, "end": {"line": 36, "column": 31}},
      "3": {"start": {"line": 40, "column": 8}, "end": {"line": 40, "column": 28}},
      "4": {"start": {"line": 49, "column": 8}, "end": {"line": 49, "column": 34}}
    },
    "branchMap": {}
  },
  "contracts/mocks/OrganizerRoleMock.sol": {
    "l": {"34": 6, "43": 10},
    "path": "/home/odisi/dev/projects/hackapay/contracts/mocks/OrganizerRoleMock.sol",
    "s": {"1": 6, "2": 10},
    "b": {},
    "f": {"1": 15, "2": 6, "3": 1, "4": 10},
    "fnMap": {
      "1": {
        "name": "constructor",
        "line": 31,
        "loc": {"start": {"line": 31, "column": 4}, "end": {"line": 31, "column": 48}}
      },
      "2": {
        "name": "removeOrganizer",
        "line": 33,
        "loc": {"start": {"line": 33, "column": 4}, "end": {"line": 33, "column": 50}}
      },
      "3": {
        "name": "onlyOrganizerMock",
        "line": 37,
        "loc": {"start": {"line": 37, "column": 4}, "end": {"line": 37, "column": 56}}
      },
      "4": {
        "name": "_removeOrganizer",
        "line": 42,
        "loc": {"start": {"line": 42, "column": 4}, "end": {"line": 42, "column": 53}}
      }
    },
    "statementMap": {
      "1": {"start": {"line": 34, "column": 8}, "end": {"line": 34, "column": 32}},
      "2": {"start": {"line": 43, "column": 8}, "end": {"line": 43, "column": 38}}
    },
    "branchMap": {}
  },
  "contracts/mocks/PausableMock.sol": {
    "l": {"13": 3, "17": 1},
    "path": "/home/odisi/dev/projects/hackapay/contracts/mocks/PausableMock.sol",
    "s": {"1": 3, "2": 1},
    "b": {},
    "f": {"1": 5, "2": 3, "3": 1, "4": 0, "5": 0},
    "fnMap": {
      "1": {
        "name": "constructor",
        "line": 8,
        "loc": {"start": {"line": 8, "column": 4}, "end": {"line": 8, "column": 59}}
      },
      "2": {
        "name": "pause",
        "line": 12,
        "loc": {"start": {"line": 12, "column": 4}, "end": {"line": 12, "column": 39}}
      },
      "3": {
        "name": "unpause",
        "line": 16,
        "loc": {"start": {"line": 16, "column": 4}, "end": {"line": 16, "column": 41}}
      },
      "4": {
        "name": "onlyWorksWhenNotPaused",
        "line": 20,
        "loc": {"start": {"line": 20, "column": 4}, "end": {"line": 20, "column": 58}}
      },
      "5": {
        "name": "onlyWorksWhenPaused",
        "line": 24,
        "loc": {"start": {"line": 24, "column": 4}, "end": {"line": 24, "column": 52}}
      }
    },
    "statementMap": {
      "1": {"start": {"line": 13, "column": 8}, "end": {"line": 13, "column": 20}},
      "2": {"start": {"line": 17, "column": 8}, "end": {"line": 17, "column": 22}}
    },
    "branchMap": {}
  },
  "contracts/payment/IPayable.sol": {
    "l": {},
    "path": "/home/odisi/dev/projects/hackapay/contracts/payment/IPayable.sol",
    "s": {},
    "b": {},
    "f": {},
    "fnMap": {},
    "statementMap": {},
    "branchMap": {}
  },
  "contracts/payment/Payable.sol": {
    "l": {"12": 25, "13": 23},
    "path": "/home/odisi/dev/projects/hackapay/contracts/payment/Payable.sol",
    "s": {"1": 25, "2": 23},
    "b": {"1": [23, 2]},
    "f": {"1": 25},
    "fnMap": {
      "1": {
        "name": "deposit",
        "line": 11,
        "loc": {"start": {"line": 11, "column": 4}, "end": {"line": 11, "column": 37}}
      }
    },
    "statementMap": {
      "1": {"start": {"line": 12, "column": 8}, "end": {"line": 12, "column": 66}},
      "2": {"start": {"line": 13, "column": 8}, "end": {"line": 13, "column": 48}}
    },
    "branchMap": {
      "1": {
        "line": 12,
        "type": "if",
        "locations": [
          {"start": {"line": 12, "column": 8}, "end": {"line": 12, "column": 8}},
          {"start": {"line": 12, "column": 8}, "end": {"line": 12, "column": 8}}
        ]
      }
    }
  },
  "contracts/roles/AttendeeRole.sol": {
    "l": {"45": 42, "46": 42, "50": 53, "51": 50, "55": 103, "59": 35, "63": 5, "67": 77, "68": 73, "72": 11, "73": 5},
    "path": "/home/odisi/dev/projects/hackapay/contracts/roles/AttendeeRole.sol",
    "s": {"1": 42, "2": 42, "3": 53, "4": 103, "5": 35, "6": 5, "7": 77, "8": 73, "9": 11, "10": 5},
    "b": {"1": [42, 0], "2": [50, 3]},
    "f": {"1": 42, "2": 53, "3": 103, "4": 35, "5": 5, "6": 77, "7": 11},
    "fnMap": {
      "1": {
        "name": "constructor",
        "line": 44,
        "loc": {"start": {"line": 44, "column": 4}, "end": {"line": 44, "column": 47}}
      },
      "2": {
        "name": "onlyAttendee",
        "line": 49,
        "loc": {"start": {"line": 49, "column": 4}, "end": {"line": 49, "column": 25}}
      },
      "3": {
        "name": "isAttendee",
        "line": 54,
        "loc": {"start": {"line": 54, "column": 4}, "end": {"line": 54, "column": 65}}
      },
      "4": {
        "name": "addAttendee",
        "line": 58,
        "loc": {"start": {"line": 58, "column": 4}, "end": {"line": 58, "column": 59}}
      },
      "5": {
        "name": "renounceAttendee",
        "line": 62,
        "loc": {"start": {"line": 62, "column": 4}, "end": {"line": 62, "column": 36}}
      },
      "6": {
        "name": "_addAttendee",
        "line": 66,
        "loc": {"start": {"line": 66, "column": 4}, "end": {"line": 66, "column": 49}}
      },
      "7": {
        "name": "_removeAttendee",
        "line": 71,
        "loc": {"start": {"line": 71, "column": 4}, "end": {"line": 71, "column": 52}}
      }
    },
    "statementMap": {
      "1": {"start": {"line": 45, "column": 8}, "end": {"line": 45, "column": 69}},
      "2": {"start": {"line": 46, "column": 8}, "end": {"line": 46, "column": 36}},
      "3": {"start": {"line": 50, "column": 8}, "end": {"line": 50, "column": 91}},
      "4": {"start": {"line": 55, "column": 8}, "end": {"line": 55, "column": 38}},
      "5": {"start": {"line": 59, "column": 8}, "end": {"line": 59, "column": 28}},
      "6": {"start": {"line": 63, "column": 8}, "end": {"line": 63, "column": 34}},
      "7": {"start": {"line": 67, "column": 8}, "end": {"line": 67, "column": 30}},
      "8": {"start": {"line": 68, "column": 8}, "end": {"line": 68, "column": 35}},
      "9": {"start": {"line": 72, "column": 8}, "end": {"line": 72, "column": 33}},
      "10": {"start": {"line": 73, "column": 8}, "end": {"line": 73, "column": 37}}
    },
    "branchMap": {
      "1": {
        "line": 45,
        "type": "if",
        "locations": [
          {"start": {"line": 45, "column": 8}, "end": {"line": 45, "column": 8}},
          {"start": {"line": 45, "column": 8}, "end": {"line": 45, "column": 8}}
        ]
      },
      "2": {
        "line": 50,
        "type": "if",
        "locations": [
          {"start": {"line": 50, "column": 8}, "end": {"line": 50, "column": 8}},
          {"start": {"line": 50, "column": 8}, "end": {"line": 50, "column": 8}}
        ]
      }
    }
  },
  "contracts/roles/ContestRoleManager.sol": {
    "l": {
      "26": 30,
      "30": 1,
      "34": 30,
      "35": 30,
      "36": 30,
      "37": 30,
      "41": 2,
      "42": 2,
      "43": 2,
      "47": 49,
      "48": 49,
      "49": 49,
      "50": 49,
      "54": 1,
      "55": 1,
      "56": 1
    },
    "path": "/home/odisi/dev/projects/hackapay/contracts/roles/ContestRoleManager.sol",
    "s": {
      "1": 30,
      "2": 1,
      "3": 30,
      "4": 30,
      "5": 30,
      "6": 30,
      "7": 2,
      "8": 2,
      "9": 2,
      "10": 49,
      "11": 49,
      "12": 49,
      "13": 49,
      "14": 1,
      "15": 1,
      "16": 1
    },
    "b": {},
    "f": {"1": 46, "2": 30, "3": 1, "4": 30, "5": 2, "6": 49, "7": 1},
    "fnMap": {
      "1": {
        "name": "constructor",
        "line": 23,
        "loc": {"start": {"line": 23, "column": 4}, "end": {"line": 23, "column": 92}}
      },
      "2": {
        "name": "addJudge",
        "line": 25,
        "loc": {"start": {"line": 25, "column": 4}, "end": {"line": 25, "column": 57}}
      },
      "3": {
        "name": "removeJudge",
        "line": 29,
        "loc": {"start": {"line": 29, "column": 4}, "end": {"line": 29, "column": 60}}
      },
      "4": {
        "name": "_addJudge",
        "line": 33,
        "loc": {"start": {"line": 33, "column": 4}, "end": {"line": 33, "column": 46}}
      },
      "5": {
        "name": "_removeJudge",
        "line": 40,
        "loc": {"start": {"line": 40, "column": 4}, "end": {"line": 40, "column": 49}}
      },
      "6": {
        "name": "_addOrganizer",
        "line": 46,
        "loc": {"start": {"line": 46, "column": 4}, "end": {"line": 46, "column": 50}}
      },
      "7": {
        "name": "_removeOrganizer",
        "line": 53,
        "loc": {"start": {"line": 53, "column": 4}, "end": {"line": 53, "column": 53}}
      }
    },
    "statementMap": {
      "1": {"start": {"line": 26, "column": 8}, "end": {"line": 26, "column": 25}},
      "2": {"start": {"line": 30, "column": 8}, "end": {"line": 30, "column": 28}},
      "3": {"start": {"line": 34, "column": 8}, "end": {"line": 34, "column": 31}},
      "4": {"start": {"line": 35, "column": 8}, "end": {"line": 35, "column": 27}},
      "5": {"start": {"line": 36, "column": 8}, "end": {"line": 36, "column": 35}},
      "6": {"start": {"line": 37, "column": 8}, "end": {"line": 37, "column": 51}},
      "7": {"start": {"line": 41, "column": 8}, "end": {"line": 41, "column": 34}},
      "8": {"start": {"line": 42, "column": 8}, "end": {"line": 42, "column": 36}},
      "9": {"start": {"line": 43, "column": 8}, "end": {"line": 43, "column": 51}},
      "10": {"start": {"line": 47, "column": 8}, "end": {"line": 47, "column": 35}},
      "11": {"start": {"line": 48, "column": 8}, "end": {"line": 48, "column": 31}},
      "12": {"start": {"line": 49, "column": 8}, "end": {"line": 49, "column": 39}},
      "13": {"start": {"line": 50, "column": 8}, "end": {"line": 50, "column": 59}},
      "14": {"start": {"line": 54, "column": 8}, "end": {"line": 54, "column": 38}},
      "15": {"start": {"line": 55, "column": 8}, "end": {"line": 55, "column": 40}},
      "16": {"start": {"line": 56, "column": 8}, "end": {"line": 56, "column": 59}}
    },
    "branchMap": {}
  },
  "contracts/roles/JudgeRole.sol": {
    "l": {"49": 52, "50": 49, "54": 104, "62": 5, "66": 66, "67": 62, "71": 12, "72": 6},
    "path": "/home/odisi/dev/projects/hackapay/contracts/roles/JudgeRole.sol",
    "s": {"1": 52, "2": 104, "3": 5, "4": 66, "5": 62, "6": 12, "7": 6},
    "b": {"1": [49, 3]},
    "f": {"1": 61, "2": 52, "3": 104, "4": 5, "5": 66, "6": 12},
    "fnMap": {
      "1": {
        "name": "constructor",
        "line": 44,
        "loc": {"start": {"line": 44, "column": 4}, "end": {"line": 44, "column": 24}}
      },
      "2": {
        "name": "onlyJudge",
        "line": 48,
        "loc": {"start": {"line": 48, "column": 4}, "end": {"line": 48, "column": 22}}
      },
      "3": {
        "name": "isJudge",
        "line": 53,
        "loc": {"start": {"line": 53, "column": 4}, "end": {"line": 53, "column": 62}}
      },
      "4": {
        "name": "renounceJudge",
        "line": 61,
        "loc": {"start": {"line": 61, "column": 4}, "end": {"line": 61, "column": 33}}
      },
      "5": {
        "name": "_addJudge",
        "line": 65,
        "loc": {"start": {"line": 65, "column": 4}, "end": {"line": 65, "column": 46}}
      },
      "6": {
        "name": "_removeJudge",
        "line": 70,
        "loc": {"start": {"line": 70, "column": 4}, "end": {"line": 70, "column": 49}}
      }
    },
    "statementMap": {
      "1": {"start": {"line": 49, "column": 8}, "end": {"line": 49, "column": 82}},
      "2": {"start": {"line": 54, "column": 8}, "end": {"line": 54, "column": 35}},
      "3": {"start": {"line": 62, "column": 8}, "end": {"line": 62, "column": 31}},
      "4": {"start": {"line": 66, "column": 8}, "end": {"line": 66, "column": 27}},
      "5": {"start": {"line": 67, "column": 8}, "end": {"line": 67, "column": 32}},
      "6": {"start": {"line": 71, "column": 8}, "end": {"line": 71, "column": 30}},
      "7": {"start": {"line": 72, "column": 8}, "end": {"line": 72, "column": 34}}
    },
    "branchMap": {
      "1": {
        "line": 49,
        "type": "if",
        "locations": [
          {"start": {"line": 49, "column": 8}, "end": {"line": 49, "column": 8}},
          {"start": {"line": 49, "column": 8}, "end": {"line": 49, "column": 8}}
        ]
      }
    }
  },
  "contracts/roles/OrganizerRole.sol": {
    "l": {
      "45": 66,
      "46": 66,
      "50": 166,
      "51": 147,
      "55": 216,
      "59": 24,
      "63": 5,
      "67": 90,
      "68": 86,
      "72": 11,
      "73": 5
    },
    "path": "/home/odisi/dev/projects/hackapay/contracts/roles/OrganizerRole.sol",
    "s": {"1": 66, "2": 66, "3": 166, "4": 216, "5": 24, "6": 5, "7": 90, "8": 86, "9": 11, "10": 5},
    "b": {"1": [66, 0], "2": [147, 19]},
    "f": {"1": 66, "2": 166, "3": 216, "4": 24, "5": 5, "6": 90, "7": 11},
    "fnMap": {
      "1": {
        "name": "constructor",
        "line": 44,
        "loc": {"start": {"line": 44, "column": 4}, "end": {"line": 44, "column": 48}}
      },
      "2": {
        "name": "onlyOrganizer",
        "line": 49,
        "loc": {"start": {"line": 49, "column": 4}, "end": {"line": 49, "column": 26}}
      },
      "3": {
        "name": "isOrganizer",
        "line": 54,
        "loc": {"start": {"line": 54, "column": 4}, "end": {"line": 54, "column": 66}}
      },
      "4": {
        "name": "addOrganizer",
        "line": 58,
        "loc": {"start": {"line": 58, "column": 4}, "end": {"line": 58, "column": 61}}
      },
      "5": {
        "name": "renounceOrganizer",
        "line": 62,
        "loc": {"start": {"line": 62, "column": 4}, "end": {"line": 62, "column": 37}}
      },
      "6": {
        "name": "_addOrganizer",
        "line": 66,
        "loc": {"start": {"line": 66, "column": 4}, "end": {"line": 66, "column": 50}}
      },
      "7": {
        "name": "_removeOrganizer",
        "line": 71,
        "loc": {"start": {"line": 71, "column": 4}, "end": {"line": 71, "column": 53}}
      }
    },
    "statementMap": {
      "1": {"start": {"line": 45, "column": 8}, "end": {"line": 45, "column": 70}},
      "2": {"start": {"line": 46, "column": 8}, "end": {"line": 46, "column": 38}},
      "3": {"start": {"line": 50, "column": 8}, "end": {"line": 50, "column": 94}},
      "4": {"start": {"line": 55, "column": 8}, "end": {"line": 55, "column": 39}},
      "5": {"start": {"line": 59, "column": 8}, "end": {"line": 59, "column": 29}},
      "6": {"start": {"line": 63, "column": 8}, "end": {"line": 63, "column": 35}},
      "7": {"start": {"line": 67, "column": 8}, "end": {"line": 67, "column": 31}},
      "8": {"start": {"line": 68, "column": 8}, "end": {"line": 68, "column": 36}},
      "9": {"start": {"line": 72, "column": 8}, "end": {"line": 72, "column": 34}},
      "10": {"start": {"line": 73, "column": 8}, "end": {"line": 73, "column": 38}}
    },
    "branchMap": {
      "1": {
        "line": 45,
        "type": "if",
        "locations": [
          {"start": {"line": 45, "column": 8}, "end": {"line": 45, "column": 8}},
          {"start": {"line": 45, "column": 8}, "end": {"line": 45, "column": 8}}
        ]
      },
      "2": {
        "line": 50,
        "type": "if",
        "locations": [
          {"start": {"line": 50, "column": 8}, "end": {"line": 50, "column": 8}},
          {"start": {"line": 50, "column": 8}, "end": {"line": 50, "column": 8}}
        ]
      }
    }
  }
}
